<?xml version="1.0" encoding="UTF-8"?>
<testng-results skipped="0" failed="0" ignored="0" total="1" passed="1">
  <reporter-output>
  </reporter-output>
  <suite name="Default suite" duration-ms="10027" started-at="2018-07-05T15:12:07Z" finished-at="2018-07-05T15:12:17Z">
    <groups>
    </groups>
    <test name="Default test" duration-ms="10027" started-at="2018-07-05T15:12:07Z" finished-at="2018-07-05T15:12:17Z">
      <class name="com.cruk.forms.tests.SspValidFormSubmission">
        <test-method status="PASS" signature="setUp()[pri:0, instance:com.cruk.forms.tests.SspValidFormSubmission@26be92ad]" name="setUp" is-config="true" duration-ms="2986" started-at="2018-07-05T16:12:07Z" finished-at="2018-07-05T16:12:10Z">
          <reporter-output>
          </reporter-output>
        </test-method> <!-- setUp -->
        <test-method status="PASS" signature="ssp_fillInYourDetailsPage()[pri:0, instance:com.cruk.forms.tests.SspValidFormSubmission@26be92ad]" name="ssp_fillInYourDetailsPage" duration-ms="6979" started-at="2018-07-05T16:12:10Z" finished-at="2018-07-05T16:12:17Z">
          <reporter-output>
          </reporter-output>
        </test-method> <!-- ssp_fillInYourDetailsPage -->
      </class> <!-- com.cruk.forms.tests.SspValidFormSubmission -->
    </test> <!-- Default test -->
  </suite> <!-- Default suite -->
</testng-results>
